<?xml version="1.0" encoding="UTF-8"?>
<!-- Generated by org.testng.reporters.JUnitXMLReporter -->
<testsuite ignored="0" hostname="Pooja-Pathange" failures="0" tests="5" name="Customer Login" time="1.431" errors="0" timestamp="2020-11-03T12:27:09 VET">
  <testcase classname="MAF.BasePackage.ProjectBaseClass" name="@BeforeTest Setup" time="1.369">
    <failure type="org.openqa.selenium.SessionNotCreatedException" message="session not created: This version of ChromeDriver only supports Chrome version 84
Build info: version: &amp;apos;3.141.59&amp;apos;, revision: &amp;apos;e82be7d358&amp;apos;, time: &amp;apos;2018-11-14T08:17:03&amp;apos;
System info: host: &amp;apos;POOJA-PATHANGE&amp;apos;, ip: &amp;apos;172.22.40.246&amp;apos;, os.name: &amp;apos;Windows 10&amp;apos;, os.arch: &amp;apos;amd64&amp;apos;, os.version: &amp;apos;10.0&amp;apos;, java.version: &amp;apos;14.0.2&amp;apos;
Driver info: driver.version: ChromeDriver
remote stacktrace: Backtrace:
	Ordinal0 [0x012887E3+2852835]
	Ordinal0 [0x01175BB1+1727409]
	Ordinal0 [0x0104E4B9+517305]
	Ordinal0 [0x00FE0BA0+68512]
	Ordinal0 [0x00FDD3A0+54176]
	Ordinal0 [0x00FFD9F7+186871]
	Ordinal0 [0x00FFD7FD+186365]
	Ordinal0 [0x00FFB70B+177931]
	Ordinal0 [0x00FE2584+75140]
	Ordinal0 [0x00FE3650+79440]
	Ordinal0 [0x00FE35E9+79337]
	Ordinal0 [0x0118AD5C+1813852]
	GetHandleVerifier [0x013AC616+1075574]
	GetHandleVerifier [0x013AC367+1074887]
	GetHandleVerifier [0x013B7497+1120247]
	GetHandleVerifier [0x013ACC16+1077110]
	Ordinal0 [0x01183206+1782278]
	Ordinal0 [0x0118C3BB+1819579]
	Ordinal0 [0x0118C523+1819939]
	Ordinal0 [0x011A2B45+1911621]
	BaseThreadInitThunk [0x75246359+25]
	RtlGetAppContainerNamedObjectPath [0x770C7C24+228]
	RtlGetAppContainerNamedObjectPath [0x770C7BF4+180]
">
      <![CDATA[org.openqa.selenium.SessionNotCreatedException: session not created: This version of ChromeDriver only supports Chrome version 84
Build info: version: '3.141.59', revision: 'e82be7d358', time: '2018-11-14T08:17:03'
System info: host: 'POOJA-PATHANGE', ip: '172.22.40.246', os.name: 'Windows 10', os.arch: 'amd64', os.version: '10.0', java.version: '14.0.2'
Driver info: driver.version: ChromeDriver
remote stacktrace: Backtrace:
Ordinal0 [0x012887E3+2852835]
Ordinal0 [0x01175BB1+1727409]
Ordinal0 [0x0104E4B9+517305]
Ordinal0 [0x00FE0BA0+68512]
Ordinal0 [0x00FDD3A0+54176]
Ordinal0 [0x00FFD9F7+186871]
Ordinal0 [0x00FFD7FD+186365]
Ordinal0 [0x00FFB70B+177931]
Ordinal0 [0x00FE2584+75140]
Ordinal0 [0x00FE3650+79440]
Ordinal0 [0x00FE35E9+79337]
Ordinal0 [0x0118AD5C+1813852]
GetHandleVerifier [0x013AC616+1075574]
GetHandleVerifier [0x013AC367+1074887]
GetHandleVerifier [0x013B7497+1120247]
GetHandleVerifier [0x013ACC16+1077110]
Ordinal0 [0x01183206+1782278]
Ordinal0 [0x0118C3BB+1819579]
Ordinal0 [0x0118C523+1819939]
Ordinal0 [0x011A2B45+1911621]
BaseThreadInitThunk [0x75246359+25]
RtlGetAppContainerNamedObjectPath [0x770C7C24+228]
RtlGetAppContainerNamedObjectPath [0x770C7BF4+180]

at org.openqa.selenium.remote.W3CHandshakeResponse.lambda$errorHandler$0(W3CHandshakeResponse.java:62)
at org.openqa.selenium.remote.HandshakeResponse.lambda$getResponseFunction$0(HandshakeResponse.java:30)
at org.openqa.selenium.remote.ProtocolHandshake.lambda$createSession$0(ProtocolHandshake.java:126)
at java.base/java.util.stream.ReferencePipeline$3$1.accept(ReferencePipeline.java:195)
at java.base/java.util.Spliterators$ArraySpliterator.tryAdvance(Spliterators.java:958)
at java.base/java.util.stream.ReferencePipeline.forEachWithCancel(ReferencePipeline.java:127)
at java.base/java.util.stream.AbstractPipeline.copyIntoWithCancel(AbstractPipeline.java:502)
at java.base/java.util.stream.AbstractPipeline.copyInto(AbstractPipeline.java:488)
at java.base/java.util.stream.AbstractPipeline.wrapAndCopyInto(AbstractPipeline.java:474)
at java.base/java.util.stream.FindOps$FindOp.evaluateSequential(FindOps.java:150)
at java.base/java.util.stream.AbstractPipeline.evaluate(AbstractPipeline.java:234)
at java.base/java.util.stream.ReferencePipeline.findFirst(ReferencePipeline.java:543)
at org.openqa.selenium.remote.ProtocolHandshake.createSession(ProtocolHandshake.java:128)
at org.openqa.selenium.remote.ProtocolHandshake.createSession(ProtocolHandshake.java:74)
at org.openqa.selenium.remote.HttpCommandExecutor.execute(HttpCommandExecutor.java:136)
at org.openqa.selenium.remote.service.DriverCommandExecutor.execute(DriverCommandExecutor.java:83)
at org.openqa.selenium.remote.RemoteWebDriver.execute(RemoteWebDriver.java:552)
at org.openqa.selenium.remote.RemoteWebDriver.startSession(RemoteWebDriver.java:213)
at org.openqa.selenium.remote.RemoteWebDriver.<init>(RemoteWebDriver.java:131)
at org.openqa.selenium.chrome.ChromeDriver.<init>(ChromeDriver.java:181)
at org.openqa.selenium.chrome.ChromeDriver.<init>(ChromeDriver.java:168)
at org.openqa.selenium.chrome.ChromeDriver.<init>(ChromeDriver.java:123)
at MAF.BasePackage.ProjectBaseClass.Setup(ProjectBaseClass.java:45)
... Removed 29 stack frames]]>
    </failure>
  </testcase> <!-- @BeforeTest Setup -->
  <testcase classname="MAF.Tests.TC002_UserLogin" name="CustomerLogin_OpenURL" time="0.0">
    <skipped/>
  </testcase> <!-- CustomerLogin_OpenURL -->
  <testcase classname="MAF.Tests.TC002_UserLogin" name="CustomerLogin_ClickLoginRegister" time="0.0">
    <skipped/>
  </testcase> <!-- CustomerLogin_ClickLoginRegister -->
  <testcase classname="MAF.Tests.TC002_UserLogin" name="CustomerLogin_EnterUserName" time="0.0">
    <skipped/>
  </testcase> <!-- CustomerLogin_EnterUserName -->
  <testcase classname="MAF.Tests.TC002_UserLogin" name="CustomerLogin_EnterPassword" time="0.0">
    <skipped/>
  </testcase> <!-- CustomerLogin_EnterPassword -->
  <testcase classname="MAF.Tests.TC002_UserLogin" name="tearDown" time="0.0">
    <skipped/>
  </testcase> <!-- tearDown -->
</testsuite> <!-- Customer Login -->
