<?xml version="1.0" encoding="UTF-8"?>
<!-- Generated by org.testng.reporters.JUnitXMLReporter -->
<testsuite ignored="0" hostname="Pooja-Pathange" failures="0" tests="2" name="Customer Registration" time="0.211" errors="0" timestamp="2020-11-03T13:51:04 VET">
  <testcase classname="MAF.BasePackage.ProjectBaseClass" name="@BeforeTest Setup" time="-1.604425863696E9">
    <failure type="org.testng.TestNGException" message="
Method Setup requires 1 parameters but 3 were supplied in the BeforeTest annotation.">
      <![CDATA[org.testng.TestNGException: 
Method Setup requires 1 parameters but 3 were supplied in the BeforeTest annotation.
... Removed 21 stack frames]]>
    </failure>
  </testcase> <!-- @BeforeTest Setup -->
  <testcase classname="MAF.Tests.TC001_SearchProperty_InGivenArea" name="CustomerRegistration_OpenURL" time="0.0">
    <skipped/>
  </testcase> <!-- CustomerRegistration_OpenURL -->
  <testcase classname="MAF.Tests.TC001_SearchProperty_InGivenArea" name="PropertySearch" time="0.0">
    <skipped/>
  </testcase> <!-- PropertySearch -->
</testsuite> <!-- Customer Registration -->
